2022-04-12 11:46:13,911 INFO: Microblog startup [in /home/jansen/Documentos/projetos/flask/microblog/app/__init__.py:52]
2022-04-12 11:46:23,934 ERROR: Exception on /index [GET] [in /home/jansen/Documentos/projetos/flask/microblog/venv/lib/python3.8/site-packages/flask/app.py:1455]
Traceback (most recent call last):
  File "/home/jansen/Documentos/projetos/flask/microblog/venv/lib/python3.8/site-packages/flask/app.py", line 2077, in wsgi_app
    response = self.full_dispatch_request()
  File "/home/jansen/Documentos/projetos/flask/microblog/venv/lib/python3.8/site-packages/flask/app.py", line 1525, in full_dispatch_request
    rv = self.handle_user_exception(e)
  File "/home/jansen/Documentos/projetos/flask/microblog/venv/lib/python3.8/site-packages/flask/app.py", line 1523, in full_dispatch_request
    rv = self.dispatch_request()
  File "/home/jansen/Documentos/projetos/flask/microblog/venv/lib/python3.8/site-packages/flask/app.py", line 1509, in dispatch_request
    return self.ensure_sync(self.view_functions[rule.endpoint])(**req.view_args)
  File "/home/jansen/Documentos/projetos/flask/microblog/venv/lib/python3.8/site-packages/flask_login/utils.py", line 272, in decorated_view
    return func(*args, **kwargs)
  File "/home/jansen/Documentos/projetos/flask/microblog/app/routes.py", line 46, in index
    return render_template('index.html', title=_('Home'), form=form,
  File "/home/jansen/Documentos/projetos/flask/microblog/venv/lib/python3.8/site-packages/flask/templating.py", line 148, in render_template
    return _render(
  File "/home/jansen/Documentos/projetos/flask/microblog/venv/lib/python3.8/site-packages/flask/templating.py", line 128, in _render
    rv = template.render(context)
  File "/home/jansen/Documentos/projetos/flask/microblog/venv/lib/python3.8/site-packages/jinja2/environment.py", line 1291, in render
    self.environment.handle_exception()
  File "/home/jansen/Documentos/projetos/flask/microblog/venv/lib/python3.8/site-packages/jinja2/environment.py", line 926, in handle_exception
    raise rewrite_traceback_stack(source=source)
  File "/home/jansen/Documentos/projetos/flask/microblog/app/templates/index.html", line 1, in top-level template code
    {% extends "base.html" %}
  File "/home/jansen/Documentos/projetos/flask/microblog/venv/lib/python3.8/site-packages/jinja2/environment.py", line 926, in handle_exception
    raise rewrite_traceback_stack(source=source)
  File "/home/jansen/Documentos/projetos/flask/microblog/app/templates/base.html", line 11, in template
    <h1>{{ javascript: console.log(verificar); }}</h1>
jinja2.exceptions.TemplateSyntaxError: expected token 'end of print statement', got ':'
2022-04-12 11:46:53,492 INFO: Microblog startup [in /home/jansen/Documentos/projetos/flask/microblog/app/__init__.py:52]
2022-04-12 11:48:06,049 INFO: Microblog startup [in /home/jansen/Documentos/projetos/flask/microblog/app/__init__.py:52]
2022-04-13 10:17:01,843 INFO: Microblog startup [in /home/jansen/Documentos/projetos/flask/microblog/app/__init__.py:52]
2022-04-13 10:20:21,803 INFO: Microblog startup [in /home/jansen/Documentos/projetos/flask/microblog/app/__init__.py:52]
